2024-06-23 21:41:06.328 [info] Log level: Info
2024-06-23 21:41:06.328 [info] Validating found git in: "git"
2024-06-23 21:41:06.328 [info] Using git "2.25.1" from "git"
2024-06-23 21:41:06.328 [info] > git rev-parse --show-toplevel [13ms]
2024-06-23 21:41:06.328 [info] fatal: not a git repository (or any of the parent directories): .git
2024-06-23 21:41:06.329 [info] > git rev-parse --show-toplevel [30ms]
2024-06-23 21:41:06.329 [info] fatal: not a git repository (or any of the parent directories): .git
2024-06-23 21:41:06.334 [info] > git rev-parse --show-toplevel [2ms]
2024-06-23 21:41:06.334 [info] fatal: not a git repository (or any of the parent directories): .git
2024-06-23 21:41:06.337 [info] > git rev-parse --show-toplevel [0ms]
2024-06-23 21:41:06.338 [info] fatal: not a git repository (or any of the parent directories): .git
2024-06-23 21:41:06.342 [info] > git rev-parse --show-toplevel [1ms]
2024-06-23 21:41:06.342 [info] fatal: not a git repository (or any of the parent directories): .git
2024-06-23 21:41:06.347 [info] > git rev-parse --show-toplevel [1ms]
2024-06-23 21:41:06.347 [info] fatal: not a git repository (or any of the parent directories): .git
2024-06-23 21:41:06.353 [info] > git rev-parse --show-toplevel [2ms]
2024-06-23 21:41:06.353 [info] fatal: not a git repository (or any of the parent directories): .git
2024-06-23 21:41:06.357 [info] > git rev-parse --show-toplevel [0ms]
2024-06-23 21:41:06.357 [info] fatal: not a git repository (or any of the parent directories): .git
2024-06-23 21:41:06.361 [info] > git rev-parse --show-toplevel [2ms]
2024-06-23 21:41:06.361 [info] fatal: not a git repository (or any of the parent directories): .git
2024-06-23 21:41:06.364 [info] > git rev-parse --show-toplevel [1ms]
2024-06-23 21:41:06.365 [info] fatal: not a git repository (or any of the parent directories): .git
2024-06-23 21:41:06.367 [info] > git rev-parse --show-toplevel [1ms]
2024-06-23 21:41:06.367 [info] fatal: not a git repository (or any of the parent directories): .git
2024-06-23 21:41:06.373 [info] > git rev-parse --show-toplevel [1ms]
2024-06-23 21:41:06.373 [info] fatal: not a git repository (or any of the parent directories): .git
2024-06-23 21:41:06.379 [info] > git rev-parse --show-toplevel [2ms]
2024-06-23 21:41:06.379 [info] fatal: not a git repository (or any of the parent directories): .git
2024-06-23 21:41:06.384 [info] > git rev-parse --show-toplevel [1ms]
2024-06-23 21:41:06.384 [info] fatal: not a git repository (or any of the parent directories): .git
2024-06-23 21:41:06.387 [info] > git rev-parse --show-toplevel [1ms]
2024-06-23 21:41:06.387 [info] fatal: not a git repository (or any of the parent directories): .git
2024-06-23 21:41:06.390 [info] > git rev-parse --show-toplevel [1ms]
2024-06-23 21:41:06.390 [info] fatal: not a git repository (or any of the parent directories): .git
2024-06-23 21:41:06.394 [info] > git rev-parse --show-toplevel [2ms]
2024-06-23 21:41:06.394 [info] fatal: not a git repository (or any of the parent directories): .git
2024-06-23 21:41:06.397 [info] > git rev-parse --show-toplevel [1ms]
2024-06-23 21:41:06.397 [info] fatal: not a git repository (or any of the parent directories): .git
2024-06-23 21:41:06.399 [info] > git rev-parse --show-toplevel [1ms]
2024-06-23 21:41:06.399 [info] fatal: not a git repository (or any of the parent directories): .git
2024-06-23 21:41:06.402 [info] > git rev-parse --show-toplevel [0ms]
2024-06-23 21:41:06.402 [info] fatal: not a git repository (or any of the parent directories): .git
2024-06-23 21:41:06.404 [info] > git rev-parse --show-toplevel [1ms]
2024-06-23 21:41:06.404 [info] fatal: not a git repository (or any of the parent directories): .git
2024-06-23 21:41:06.406 [info] > git rev-parse --show-toplevel [1ms]
2024-06-23 21:41:06.406 [info] fatal: not a git repository (or any of the parent directories): .git
2024-06-23 21:41:06.409 [info] > git rev-parse --show-toplevel [1ms]
2024-06-23 21:41:06.409 [info] fatal: not a git repository (or any of the parent directories): .git
2024-06-23 21:41:06.412 [info] > git rev-parse --show-toplevel [0ms]
2024-06-23 21:41:06.413 [info] fatal: not a git repository (or any of the parent directories): .git
2024-06-23 21:41:06.415 [info] > git rev-parse --show-toplevel [1ms]
2024-06-23 21:41:06.415 [info] fatal: not a git repository (or any of the parent directories): .git
2024-06-23 21:41:06.417 [info] > git rev-parse --show-toplevel [1ms]
2024-06-23 21:41:06.417 [info] fatal: not a git repository (or any of the parent directories): .git
2024-06-23 21:41:06.420 [info] > git rev-parse --show-toplevel [1ms]
2024-06-23 21:41:06.420 [info] fatal: not a git repository (or any of the parent directories): .git
2024-06-23 21:41:06.422 [info] > git rev-parse --show-toplevel [1ms]
2024-06-23 21:41:06.422 [info] fatal: not a git repository (or any of the parent directories): .git
2024-06-23 21:41:06.426 [info] > git rev-parse --show-toplevel [1ms]
2024-06-23 21:41:06.426 [info] fatal: not a git repository (or any of the parent directories): .git
2024-06-23 21:41:06.428 [info] > git rev-parse --show-toplevel [0ms]
2024-06-23 21:41:06.429 [info] fatal: not a git repository (or any of the parent directories): .git
2024-06-23 21:41:06.431 [info] > git rev-parse --show-toplevel [1ms]
2024-06-23 21:41:06.431 [info] fatal: not a git repository (or any of the parent directories): .git
2024-06-23 21:41:06.433 [info] > git rev-parse --show-toplevel [1ms]
2024-06-23 21:41:06.433 [info] fatal: not a git repository (or any of the parent directories): .git
2024-06-23 21:41:06.436 [info] > git rev-parse --show-toplevel [1ms]
2024-06-23 21:41:06.436 [info] fatal: not a git repository (or any of the parent directories): .git
2024-06-23 21:41:06.438 [info] > git rev-parse --show-toplevel [1ms]
2024-06-23 21:41:06.439 [info] fatal: not a git repository (or any of the parent directories): .git
2024-06-23 21:41:06.443 [info] > git rev-parse --show-toplevel [1ms]
2024-06-23 21:41:06.443 [info] fatal: not a git repository (or any of the parent directories): .git
2024-06-23 21:41:29.638 [info] > git rev-parse --show-toplevel [3ms]
2024-06-23 21:41:29.638 [info] fatal: not a git repository (or any of the parent directories): .git
2024-06-23 21:42:00.027 [info] > git rev-parse --show-toplevel [2ms]
2024-06-23 21:42:00.027 [info] fatal: not a git repository (or any of the parent directories): .git
2024-06-23 21:42:02.822 [info] > git rev-parse --show-toplevel [2ms]
2024-06-23 21:42:02.822 [info] fatal: not a git repository (or any of the parent directories): .git
2024-06-23 21:42:49.785 [info] > git rev-parse --show-toplevel [2ms]
2024-06-23 21:42:49.785 [info] fatal: not a git repository (or any of the parent directories): .git
2024-06-23 21:46:54.898 [info] > git rev-parse --show-toplevel [2ms]
2024-06-23 21:46:54.898 [info] fatal: not a git repository (or any of the parent directories): .git
2024-06-23 21:48:28.997 [info] > git rev-parse --show-toplevel [2ms]
2024-06-23 21:48:28.997 [info] fatal: not a git repository (or any of the parent directories): .git
2024-06-23 21:48:57.098 [info] > git rev-parse --show-toplevel [2ms]
2024-06-23 21:48:57.098 [info] fatal: not a git repository (or any of the parent directories): .git
2024-06-23 21:51:19.607 [info] > git rev-parse --show-toplevel [1ms]
2024-06-23 21:51:19.608 [info] fatal: not a git repository (or any of the parent directories): .git
2024-06-23 21:53:44.875 [info] > git rev-parse --show-toplevel [1ms]
2024-06-23 21:53:44.876 [info] fatal: not a git repository (or any of the parent directories): .git
2024-06-23 21:53:48.737 [info] > git rev-parse --show-toplevel [1ms]
2024-06-23 21:53:48.738 [info] fatal: not a git repository (or any of the parent directories): .git
2024-06-23 21:57:26.983 [info] > git rev-parse --show-toplevel [1ms]
2024-06-23 21:57:26.983 [info] fatal: not a git repository (or any of the parent directories): .git
2024-06-23 21:57:57.006 [info] > git rev-parse --show-toplevel [1ms]
2024-06-23 21:57:57.006 [info] fatal: not a git repository (or any of the parent directories): .git
2024-06-23 21:58:15.560 [info] > git rev-parse --show-toplevel [1ms]
2024-06-23 21:58:15.560 [info] fatal: not a git repository (or any of the parent directories): .git
2024-06-23 21:58:18.757 [info] > git rev-parse --show-toplevel [2ms]
2024-06-23 21:58:18.757 [info] fatal: not a git repository (or any of the parent directories): .git
2024-06-23 21:59:39.266 [info] > git rev-parse --show-toplevel [1ms]
2024-06-23 21:59:39.266 [info] fatal: not a git repository (or any of the parent directories): .git
2024-06-23 22:00:00.629 [info] > git rev-parse --show-toplevel [1ms]
2024-06-23 22:00:00.629 [info] fatal: not a git repository (or any of the parent directories): .git
2024-06-23 22:00:04.179 [info] > git rev-parse --show-toplevel [1ms]
2024-06-23 22:00:04.179 [info] fatal: not a git repository (or any of the parent directories): .git
2024-06-23 22:07:47.182 [info] > git rev-parse --show-toplevel [2ms]
2024-06-23 22:07:47.182 [info] fatal: not a git repository (or any of the parent directories): .git
2024-06-23 22:07:52.548 [info] > git rev-parse --show-toplevel [1ms]
2024-06-23 22:07:52.548 [info] fatal: not a git repository (or any of the parent directories): .git
2024-06-23 22:11:34.402 [info] > git rev-parse --show-toplevel [1ms]
2024-06-23 22:11:34.402 [info] fatal: not a git repository (or any of the parent directories): .git
2024-06-23 22:12:07.967 [info] > git rev-parse --show-toplevel [1ms]
2024-06-23 22:12:07.967 [info] fatal: not a git repository (or any of the parent directories): .git
2024-06-23 22:12:12.595 [info] > git rev-parse --show-toplevel [1ms]
2024-06-23 22:12:12.596 [info] fatal: not a git repository (or any of the parent directories): .git
