2024-06-19 08:25:39.987 [info] Log level: Info
2024-06-19 08:25:39.987 [info] Validating found git in: "git"
2024-06-19 08:25:39.987 [info] Using git "2.25.1" from "git"
2024-06-19 08:25:40.000 [info] > git rev-parse --show-toplevel [13ms]
2024-06-19 08:25:40.000 [info] fatal: not a git repository (or any of the parent directories): .git
2024-06-19 08:25:40.008 [info] > git rev-parse --show-toplevel [2ms]
2024-06-19 08:25:40.008 [info] fatal: not a git repository (or any of the parent directories): .git
2024-06-19 08:25:40.014 [info] > git rev-parse --show-toplevel [1ms]
2024-06-19 08:25:40.014 [info] fatal: not a git repository (or any of the parent directories): .git
2024-06-19 08:25:40.018 [info] > git rev-parse --show-toplevel [1ms]
2024-06-19 08:25:40.018 [info] fatal: not a git repository (or any of the parent directories): .git
2024-06-19 08:25:40.023 [info] > git rev-parse --show-toplevel [2ms]
2024-06-19 08:25:40.023 [info] fatal: not a git repository (or any of the parent directories): .git
2024-06-19 08:25:40.107 [info] > git rev-parse --show-toplevel [80ms]
2024-06-19 08:25:40.107 [info] fatal: not a git repository (or any of the parent directories): .git
2024-06-19 08:25:40.120 [info] > git rev-parse --show-toplevel [9ms]
2024-06-19 08:25:40.120 [info] fatal: not a git repository (or any of the parent directories): .git
2024-06-19 08:25:40.130 [info] > git rev-parse --show-toplevel [6ms]
2024-06-19 08:25:40.130 [info] fatal: not a git repository (or any of the parent directories): .git
2024-06-19 08:25:40.136 [info] > git rev-parse --show-toplevel [1ms]
2024-06-19 08:25:40.136 [info] fatal: not a git repository (or any of the parent directories): .git
2024-06-19 08:25:40.141 [info] > git rev-parse --show-toplevel [2ms]
2024-06-19 08:25:40.141 [info] fatal: not a git repository (or any of the parent directories): .git
2024-06-19 08:25:40.147 [info] > git rev-parse --show-toplevel [2ms]
2024-06-19 08:25:40.147 [info] fatal: not a git repository (or any of the parent directories): .git
2024-06-19 08:25:40.153 [info] > git rev-parse --show-toplevel [2ms]
2024-06-19 08:25:40.153 [info] fatal: not a git repository (or any of the parent directories): .git
2024-06-19 08:25:40.158 [info] > git rev-parse --show-toplevel [1ms]
2024-06-19 08:25:40.158 [info] fatal: not a git repository (or any of the parent directories): .git
2024-06-19 08:25:40.170 [info] > git rev-parse --show-toplevel [2ms]
2024-06-19 08:25:40.170 [info] fatal: not a git repository (or any of the parent directories): .git
2024-06-19 08:25:40.175 [info] > git rev-parse --show-toplevel [2ms]
2024-06-19 08:25:40.175 [info] fatal: not a git repository (or any of the parent directories): .git
2024-06-19 08:25:40.179 [info] > git rev-parse --show-toplevel [1ms]
2024-06-19 08:25:40.179 [info] fatal: not a git repository (or any of the parent directories): .git
2024-06-19 08:25:40.186 [info] > git rev-parse --show-toplevel [4ms]
2024-06-19 08:25:40.186 [info] fatal: not a git repository (or any of the parent directories): .git
2024-06-19 08:25:40.190 [info] > git rev-parse --show-toplevel [2ms]
2024-06-19 08:25:40.190 [info] fatal: not a git repository (or any of the parent directories): .git
2024-06-19 08:25:40.196 [info] > git rev-parse --show-toplevel [1ms]
2024-06-19 08:25:40.196 [info] fatal: not a git repository (or any of the parent directories): .git
2024-06-19 08:25:40.201 [info] > git rev-parse --show-toplevel [1ms]
2024-06-19 08:25:40.201 [info] fatal: not a git repository (or any of the parent directories): .git
2024-06-19 08:25:40.206 [info] > git rev-parse --show-toplevel [2ms]
2024-06-19 08:25:40.206 [info] fatal: not a git repository (or any of the parent directories): .git
2024-06-19 08:25:40.211 [info] > git rev-parse --show-toplevel [2ms]
2024-06-19 08:25:40.211 [info] fatal: not a git repository (or any of the parent directories): .git
2024-06-19 08:25:40.216 [info] > git rev-parse --show-toplevel [1ms]
2024-06-19 08:25:40.216 [info] fatal: not a git repository (or any of the parent directories): .git
2024-06-19 08:25:40.220 [info] > git rev-parse --show-toplevel [2ms]
2024-06-19 08:25:40.220 [info] fatal: not a git repository (or any of the parent directories): .git
2024-06-19 08:25:40.225 [info] > git rev-parse --show-toplevel [2ms]
2024-06-19 08:25:40.225 [info] fatal: not a git repository (or any of the parent directories): .git
2024-06-19 08:25:40.231 [info] > git rev-parse --show-toplevel [2ms]
2024-06-19 08:25:40.231 [info] fatal: not a git repository (or any of the parent directories): .git
2024-06-19 08:25:40.236 [info] > git rev-parse --show-toplevel [1ms]
2024-06-19 08:25:40.236 [info] fatal: not a git repository (or any of the parent directories): .git
2024-06-19 08:25:40.240 [info] > git rev-parse --show-toplevel [2ms]
2024-06-19 08:25:40.240 [info] fatal: not a git repository (or any of the parent directories): .git
2024-06-19 08:25:40.245 [info] > git rev-parse --show-toplevel [3ms]
2024-06-19 08:25:40.245 [info] fatal: not a git repository (or any of the parent directories): .git
2024-06-19 08:25:40.250 [info] > git rev-parse --show-toplevel [2ms]
2024-06-19 08:25:40.250 [info] fatal: not a git repository (or any of the parent directories): .git
2024-06-19 08:25:40.256 [info] > git rev-parse --show-toplevel [2ms]
2024-06-19 08:25:40.256 [info] fatal: not a git repository (or any of the parent directories): .git
2024-06-19 08:25:40.264 [info] > git rev-parse --show-toplevel [2ms]
2024-06-19 08:25:40.264 [info] fatal: not a git repository (or any of the parent directories): .git
2024-06-19 08:25:40.270 [info] > git rev-parse --show-toplevel [4ms]
2024-06-19 08:25:40.270 [info] fatal: not a git repository (or any of the parent directories): .git
2024-06-19 08:25:40.276 [info] > git rev-parse --show-toplevel [1ms]
2024-06-19 08:25:40.276 [info] fatal: not a git repository (or any of the parent directories): .git
2024-06-19 08:25:40.285 [info] > git rev-parse --show-toplevel [3ms]
2024-06-19 08:25:40.285 [info] fatal: not a git repository (or any of the parent directories): .git
2024-06-19 08:25:40.294 [info] > git rev-parse --show-toplevel [2ms]
2024-06-19 08:25:40.294 [info] fatal: not a git repository (or any of the parent directories): .git
2024-06-19 08:25:40.306 [info] > git rev-parse --show-toplevel [1ms]
2024-06-19 08:25:40.306 [info] fatal: not a git repository (or any of the parent directories): .git
2024-06-19 08:25:40.632 [info] > git rev-parse --show-toplevel [1ms]
2024-06-19 08:25:40.632 [info] fatal: not a git repository (or any of the parent directories): .git
2024-06-19 08:41:14.708 [info] > git rev-parse --show-toplevel [1ms]
2024-06-19 08:41:14.708 [info] fatal: not a git repository (or any of the parent directories): .git
2024-06-19 08:43:26.646 [info] > git rev-parse --show-toplevel [2ms]
2024-06-19 08:43:26.646 [info] fatal: not a git repository (or any of the parent directories): .git
2024-06-19 08:43:29.259 [info] > git rev-parse --show-toplevel [2ms]
2024-06-19 08:43:29.259 [info] fatal: not a git repository (or any of the parent directories): .git
2024-06-19 08:43:29.992 [info] > git rev-parse --show-toplevel [2ms]
2024-06-19 08:43:29.992 [info] fatal: not a git repository (or any of the parent directories): .git
2024-06-19 08:43:33.865 [info] > git rev-parse --show-toplevel [2ms]
2024-06-19 08:43:33.865 [info] fatal: not a git repository (or any of the parent directories): .git
2024-06-19 08:43:42.511 [info] > git rev-parse --show-toplevel [1ms]
2024-06-19 08:43:42.511 [info] fatal: not a git repository (or any of the parent directories): .git
2024-06-19 08:43:44.283 [info] > git rev-parse --show-toplevel [1ms]
2024-06-19 08:43:44.283 [info] fatal: not a git repository (or any of the parent directories): .git
2024-06-19 08:43:52.416 [info] > git rev-parse --show-toplevel [2ms]
2024-06-19 08:43:52.416 [info] fatal: not a git repository (or any of the parent directories): .git
2024-06-19 08:43:53.442 [info] > git rev-parse --show-toplevel [2ms]
2024-06-19 08:43:53.442 [info] fatal: not a git repository (or any of the parent directories): .git
2024-06-19 08:43:57.064 [info] > git rev-parse --show-toplevel [1ms]
2024-06-19 08:43:57.064 [info] fatal: not a git repository (or any of the parent directories): .git
2024-06-19 08:43:58.108 [info] > git rev-parse --show-toplevel [2ms]
2024-06-19 08:43:58.108 [info] fatal: not a git repository (or any of the parent directories): .git
2024-06-19 08:44:01.916 [info] > git rev-parse --show-toplevel [1ms]
2024-06-19 08:44:01.917 [info] fatal: not a git repository (or any of the parent directories): .git
2024-06-19 08:44:03.116 [info] > git rev-parse --show-toplevel [2ms]
2024-06-19 08:44:03.116 [info] fatal: not a git repository (or any of the parent directories): .git
2024-06-19 08:44:04.474 [info] > git rev-parse --show-toplevel [2ms]
2024-06-19 08:44:04.474 [info] fatal: not a git repository (or any of the parent directories): .git
2024-06-19 08:44:05.550 [info] > git rev-parse --show-toplevel [2ms]
2024-06-19 08:44:05.550 [info] fatal: not a git repository (or any of the parent directories): .git
2024-06-19 08:44:08.627 [info] > git rev-parse --show-toplevel [3ms]
2024-06-19 08:44:08.627 [info] fatal: not a git repository (or any of the parent directories): .git
2024-06-19 08:44:09.977 [info] > git rev-parse --show-toplevel [2ms]
2024-06-19 08:44:09.977 [info] fatal: not a git repository (or any of the parent directories): .git
2024-06-19 08:44:22.490 [info] > git rev-parse --show-toplevel [2ms]
2024-06-19 08:44:22.490 [info] fatal: not a git repository (or any of the parent directories): .git
2024-06-19 08:44:23.720 [info] > git rev-parse --show-toplevel [3ms]
2024-06-19 08:44:23.721 [info] fatal: not a git repository (or any of the parent directories): .git
2024-06-19 08:44:33.223 [info] > git rev-parse --show-toplevel [1ms]
2024-06-19 08:44:33.223 [info] fatal: not a git repository (or any of the parent directories): .git
2024-06-19 08:44:40.833 [info] > git rev-parse --show-toplevel [2ms]
2024-06-19 08:44:40.833 [info] fatal: not a git repository (or any of the parent directories): .git
2024-06-19 08:44:46.058 [info] > git rev-parse --show-toplevel [1ms]
2024-06-19 08:44:46.058 [info] fatal: not a git repository (or any of the parent directories): .git
2024-06-19 08:44:46.952 [info] > git rev-parse --show-toplevel [2ms]
2024-06-19 08:44:46.952 [info] fatal: not a git repository (or any of the parent directories): .git
2024-06-19 08:44:50.141 [info] > git rev-parse --show-toplevel [2ms]
2024-06-19 08:44:50.141 [info] fatal: not a git repository (or any of the parent directories): .git
2024-06-19 08:44:51.864 [info] > git rev-parse --show-toplevel [2ms]
2024-06-19 08:44:51.864 [info] fatal: not a git repository (or any of the parent directories): .git
2024-06-19 08:44:55.346 [info] > git rev-parse --show-toplevel [1ms]
2024-06-19 08:44:55.346 [info] fatal: not a git repository (or any of the parent directories): .git
2024-06-19 08:44:56.518 [info] > git rev-parse --show-toplevel [2ms]
2024-06-19 08:44:56.518 [info] fatal: not a git repository (or any of the parent directories): .git
2024-06-19 08:45:00.898 [info] > git rev-parse --show-toplevel [2ms]
2024-06-19 08:45:00.898 [info] fatal: not a git repository (or any of the parent directories): .git
2024-06-19 08:45:01.949 [info] > git rev-parse --show-toplevel [2ms]
2024-06-19 08:45:01.949 [info] fatal: not a git repository (or any of the parent directories): .git
2024-06-19 08:45:04.483 [info] > git rev-parse --show-toplevel [1ms]
2024-06-19 08:45:04.483 [info] fatal: not a git repository (or any of the parent directories): .git
2024-06-19 08:45:06.111 [info] > git rev-parse --show-toplevel [2ms]
2024-06-19 08:45:06.111 [info] fatal: not a git repository (or any of the parent directories): .git
2024-06-19 08:45:11.288 [info] > git rev-parse --show-toplevel [2ms]
2024-06-19 08:45:11.289 [info] fatal: not a git repository (or any of the parent directories): .git
2024-06-19 08:45:12.535 [info] > git rev-parse --show-toplevel [2ms]
2024-06-19 08:45:12.535 [info] fatal: not a git repository (or any of the parent directories): .git
2024-06-19 08:45:15.664 [info] > git rev-parse --show-toplevel [1ms]
2024-06-19 08:45:15.665 [info] fatal: not a git repository (or any of the parent directories): .git
2024-06-19 08:45:17.015 [info] > git rev-parse --show-toplevel [2ms]
2024-06-19 08:45:17.015 [info] fatal: not a git repository (or any of the parent directories): .git
2024-06-19 08:45:20.972 [info] > git rev-parse --show-toplevel [1ms]
2024-06-19 08:45:20.972 [info] fatal: not a git repository (or any of the parent directories): .git
2024-06-19 08:45:22.206 [info] > git rev-parse --show-toplevel [2ms]
2024-06-19 08:45:22.206 [info] fatal: not a git repository (or any of the parent directories): .git
2024-06-19 08:45:32.487 [info] > git rev-parse --show-toplevel [1ms]
2024-06-19 08:45:32.487 [info] fatal: not a git repository (or any of the parent directories): .git
2024-06-19 08:45:33.958 [info] > git rev-parse --show-toplevel [1ms]
2024-06-19 08:45:33.958 [info] fatal: not a git repository (or any of the parent directories): .git
2024-06-19 08:45:39.155 [info] > git rev-parse --show-toplevel [1ms]
2024-06-19 08:45:39.155 [info] fatal: not a git repository (or any of the parent directories): .git
2024-06-19 08:45:40.548 [info] > git rev-parse --show-toplevel [1ms]
2024-06-19 08:45:40.549 [info] fatal: not a git repository (or any of the parent directories): .git
2024-06-19 08:45:47.320 [info] > git rev-parse --show-toplevel [3ms]
2024-06-19 08:45:47.320 [info] fatal: not a git repository (or any of the parent directories): .git
2024-06-19 08:45:48.681 [info] > git rev-parse --show-toplevel [3ms]
2024-06-19 08:45:48.681 [info] fatal: not a git repository (or any of the parent directories): .git
2024-06-19 08:45:54.943 [info] > git rev-parse --show-toplevel [2ms]
2024-06-19 08:45:54.943 [info] fatal: not a git repository (or any of the parent directories): .git
2024-06-19 08:45:56.726 [info] > git rev-parse --show-toplevel [8ms]
2024-06-19 08:45:56.727 [info] fatal: not a git repository (or any of the parent directories): .git
2024-06-19 08:46:05.958 [info] > git rev-parse --show-toplevel [2ms]
2024-06-19 08:46:05.958 [info] fatal: not a git repository (or any of the parent directories): .git
2024-06-19 08:46:06.866 [info] > git rev-parse --show-toplevel [3ms]
2024-06-19 08:46:06.866 [info] fatal: not a git repository (or any of the parent directories): .git
2024-06-19 08:46:30.183 [info] > git rev-parse --show-toplevel [1ms]
2024-06-19 08:46:30.183 [info] fatal: not a git repository (or any of the parent directories): .git
2024-06-19 08:46:40.828 [info] > git rev-parse --show-toplevel [2ms]
2024-06-19 08:46:40.828 [info] fatal: not a git repository (or any of the parent directories): .git
2024-06-19 08:46:43.200 [info] > git rev-parse --show-toplevel [2ms]
2024-06-19 08:46:43.200 [info] fatal: not a git repository (or any of the parent directories): .git
2024-06-19 08:46:51.340 [info] > git rev-parse --show-toplevel [1ms]
2024-06-19 08:46:51.340 [info] fatal: not a git repository (or any of the parent directories): .git
2024-06-19 08:58:52.139 [info] > git rev-parse --show-toplevel [1ms]
2024-06-19 08:58:52.139 [info] fatal: not a git repository (or any of the parent directories): .git
2024-06-19 08:59:39.058 [info] > git rev-parse --show-toplevel [1ms]
2024-06-19 08:59:39.058 [info] fatal: not a git repository (or any of the parent directories): .git
2024-06-19 08:59:42.808 [info] > git rev-parse --show-toplevel [1ms]
2024-06-19 08:59:42.808 [info] fatal: not a git repository (or any of the parent directories): .git
2024-06-19 09:03:02.838 [info] > git rev-parse --show-toplevel [1ms]
2024-06-19 09:03:02.838 [info] fatal: not a git repository (or any of the parent directories): .git
2024-06-19 09:03:05.622 [info] > git rev-parse --show-toplevel [1ms]
2024-06-19 09:03:05.622 [info] fatal: not a git repository (or any of the parent directories): .git
2024-06-19 09:03:07.147 [info] > git rev-parse --show-toplevel [2ms]
2024-06-19 09:03:07.147 [info] fatal: not a git repository (or any of the parent directories): .git
2024-06-19 09:03:08.342 [info] > git rev-parse --show-toplevel [1ms]
2024-06-19 09:03:08.342 [info] fatal: not a git repository (or any of the parent directories): .git
2024-06-19 09:13:09.935 [info] > git rev-parse --show-toplevel [1ms]
2024-06-19 09:13:09.935 [info] fatal: not a git repository (or any of the parent directories): .git
2024-06-19 09:13:14.737 [info] > git rev-parse --show-toplevel [2ms]
2024-06-19 09:13:14.737 [info] fatal: not a git repository (or any of the parent directories): .git
2024-06-19 09:13:19.256 [info] > git rev-parse --show-toplevel [1ms]
2024-06-19 09:13:19.256 [info] fatal: not a git repository (or any of the parent directories): .git
2024-06-19 09:13:29.568 [info] > git rev-parse --show-toplevel [1ms]
2024-06-19 09:13:29.568 [info] fatal: not a git repository (or any of the parent directories): .git
2024-06-19 09:13:56.829 [info] > git rev-parse --show-toplevel [1ms]
2024-06-19 09:13:56.829 [info] fatal: not a git repository (or any of the parent directories): .git
2024-06-19 09:15:53.404 [info] > git rev-parse --show-toplevel [2ms]
2024-06-19 09:15:53.404 [info] fatal: not a git repository (or any of the parent directories): .git
2024-06-19 09:16:00.952 [info] > git rev-parse --show-toplevel [1ms]
2024-06-19 09:16:00.953 [info] fatal: not a git repository (or any of the parent directories): .git
2024-06-19 09:16:28.250 [info] > git rev-parse --show-toplevel [1ms]
2024-06-19 09:16:28.250 [info] fatal: not a git repository (or any of the parent directories): .git
2024-06-19 09:16:30.192 [info] > git rev-parse --show-toplevel [2ms]
2024-06-19 09:16:30.192 [info] fatal: not a git repository (or any of the parent directories): .git
2024-06-19 09:16:32.912 [info] > git rev-parse --show-toplevel [1ms]
2024-06-19 09:16:32.913 [info] fatal: not a git repository (or any of the parent directories): .git
2024-06-19 09:17:23.796 [info] > git rev-parse --show-toplevel [1ms]
2024-06-19 09:17:23.796 [info] fatal: not a git repository (or any of the parent directories): .git
2024-06-19 09:17:27.567 [info] > git rev-parse --show-toplevel [2ms]
2024-06-19 09:17:27.567 [info] fatal: not a git repository (or any of the parent directories): .git
2024-06-19 09:17:29.068 [info] > git rev-parse --show-toplevel [1ms]
2024-06-19 09:17:29.068 [info] fatal: not a git repository (or any of the parent directories): .git
2024-06-19 09:17:31.749 [info] > git rev-parse --show-toplevel [1ms]
2024-06-19 09:17:31.749 [info] fatal: not a git repository (or any of the parent directories): .git
2024-06-19 09:19:33.180 [info] > git rev-parse --show-toplevel [1ms]
2024-06-19 09:19:33.180 [info] fatal: not a git repository (or any of the parent directories): .git
2024-06-19 09:28:26.378 [info] > git rev-parse --show-toplevel [2ms]
2024-06-19 09:28:26.378 [info] fatal: not a git repository (or any of the parent directories): .git
2024-06-19 09:28:27.551 [info] > git rev-parse --show-toplevel [2ms]
2024-06-19 09:28:27.551 [info] fatal: not a git repository (or any of the parent directories): .git
2024-06-19 09:28:34.776 [info] > git rev-parse --show-toplevel [1ms]
2024-06-19 09:28:34.776 [info] fatal: not a git repository (or any of the parent directories): .git
2024-06-19 09:31:44.700 [info] > git rev-parse --show-toplevel [1ms]
2024-06-19 09:31:44.700 [info] fatal: not a git repository (or any of the parent directories): .git
2024-06-19 09:32:08.539 [info] > git rev-parse --show-toplevel [1ms]
2024-06-19 09:32:08.539 [info] fatal: not a git repository (or any of the parent directories): .git
2024-06-19 09:46:05.690 [info] > git rev-parse --show-toplevel [2ms]
2024-06-19 09:46:05.690 [info] fatal: not a git repository (or any of the parent directories): .git
2024-06-19 09:46:45.446 [info] > git rev-parse --show-toplevel [1ms]
2024-06-19 09:46:45.446 [info] fatal: not a git repository (or any of the parent directories): .git
2024-06-19 09:46:59.179 [info] > git rev-parse --show-toplevel [1ms]
2024-06-19 09:46:59.179 [info] fatal: not a git repository (or any of the parent directories): .git
2024-06-19 09:49:37.755 [info] > git rev-parse --show-toplevel [1ms]
2024-06-19 09:49:37.755 [info] fatal: not a git repository (or any of the parent directories): .git
2024-06-19 09:49:41.781 [info] > git rev-parse --show-toplevel [1ms]
2024-06-19 09:49:41.781 [info] fatal: not a git repository (or any of the parent directories): .git
2024-06-19 09:54:59.745 [info] > git rev-parse --show-toplevel [1ms]
2024-06-19 09:54:59.745 [info] fatal: not a git repository (or any of the parent directories): .git
2024-06-19 09:57:05.665 [info] > git rev-parse --show-toplevel [1ms]
2024-06-19 09:57:05.665 [info] fatal: not a git repository (or any of the parent directories): .git
2024-06-19 09:58:39.976 [info] > git rev-parse --show-toplevel [2ms]
2024-06-19 09:58:39.976 [info] fatal: not a git repository (or any of the parent directories): .git
2024-06-19 10:14:27.185 [info] > git rev-parse --show-toplevel [1ms]
2024-06-19 10:14:27.185 [info] fatal: not a git repository (or any of the parent directories): .git
2024-06-19 10:14:53.171 [info] > git rev-parse --show-toplevel [2ms]
2024-06-19 10:14:53.172 [info] fatal: not a git repository (or any of the parent directories): .git
2024-06-19 10:14:55.681 [info] > git rev-parse --show-toplevel [1ms]
2024-06-19 10:14:55.681 [info] fatal: not a git repository (or any of the parent directories): .git
2024-06-19 10:21:23.521 [info] > git rev-parse --show-toplevel [1ms]
2024-06-19 10:21:23.521 [info] fatal: not a git repository (or any of the parent directories): .git
2024-06-19 10:21:31.170 [info] > git rev-parse --show-toplevel [0ms]
2024-06-19 10:21:31.170 [info] fatal: not a git repository (or any of the parent directories): .git
2024-06-19 10:21:48.383 [info] > git rev-parse --show-toplevel [0ms]
2024-06-19 10:21:48.383 [info] fatal: not a git repository (or any of the parent directories): .git
2024-06-19 10:25:46.149 [info] > git rev-parse --show-toplevel [1ms]
2024-06-19 10:25:46.149 [info] fatal: not a git repository (or any of the parent directories): .git
2024-06-19 10:26:57.975 [info] > git rev-parse --show-toplevel [1ms]
2024-06-19 10:26:57.975 [info] fatal: not a git repository (or any of the parent directories): .git
2024-06-19 10:27:21.115 [info] > git rev-parse --show-toplevel [0ms]
2024-06-19 10:27:21.116 [info] fatal: not a git repository (or any of the parent directories): .git
2024-06-19 10:27:50.329 [info] > git rev-parse --show-toplevel [1ms]
2024-06-19 10:27:50.329 [info] fatal: not a git repository (or any of the parent directories): .git
2024-06-19 10:27:56.621 [info] > git rev-parse --show-toplevel [1ms]
2024-06-19 10:27:56.621 [info] fatal: not a git repository (or any of the parent directories): .git
2024-06-19 10:28:10.018 [info] > git rev-parse --show-toplevel [1ms]
2024-06-19 10:28:10.018 [info] fatal: not a git repository (or any of the parent directories): .git
2024-06-19 10:28:16.705 [info] > git rev-parse --show-toplevel [1ms]
2024-06-19 10:28:16.705 [info] fatal: not a git repository (or any of the parent directories): .git
2024-06-19 10:28:17.428 [info] > git rev-parse --show-toplevel [1ms]
2024-06-19 10:28:17.428 [info] fatal: not a git repository (or any of the parent directories): .git
2024-06-19 10:28:23.726 [info] > git rev-parse --show-toplevel [1ms]
2024-06-19 10:28:23.726 [info] fatal: not a git repository (or any of the parent directories): .git
2024-06-19 10:28:28.576 [info] > git rev-parse --show-toplevel [1ms]
2024-06-19 10:28:28.576 [info] fatal: not a git repository (or any of the parent directories): .git
2024-06-19 10:28:33.426 [info] > git rev-parse --show-toplevel [0ms]
2024-06-19 10:28:33.427 [info] fatal: not a git repository (or any of the parent directories): .git
2024-06-19 10:28:40.363 [info] > git rev-parse --show-toplevel [2ms]
2024-06-19 10:28:40.363 [info] fatal: not a git repository (or any of the parent directories): .git
2024-06-19 10:28:47.859 [info] > git rev-parse --show-toplevel [1ms]
2024-06-19 10:28:47.859 [info] fatal: not a git repository (or any of the parent directories): .git
2024-06-19 10:28:53.553 [info] > git rev-parse --show-toplevel [1ms]
2024-06-19 10:28:53.553 [info] fatal: not a git repository (or any of the parent directories): .git
2024-06-19 10:30:53.043 [info] > git rev-parse --show-toplevel [1ms]
2024-06-19 10:30:53.043 [info] fatal: not a git repository (or any of the parent directories): .git
2024-06-19 10:30:59.991 [info] > git rev-parse --show-toplevel [1ms]
2024-06-19 10:30:59.991 [info] fatal: not a git repository (or any of the parent directories): .git
2024-06-19 10:31:02.350 [info] > git rev-parse --show-toplevel [1ms]
2024-06-19 10:31:02.350 [info] fatal: not a git repository (or any of the parent directories): .git
2024-06-19 10:31:11.309 [info] > git rev-parse --show-toplevel [1ms]
2024-06-19 10:31:11.309 [info] fatal: not a git repository (or any of the parent directories): .git
2024-06-19 10:39:45.111 [info] > git rev-parse --show-toplevel [1ms]
2024-06-19 10:39:45.111 [info] fatal: not a git repository (or any of the parent directories): .git
2024-06-19 10:39:49.562 [info] > git rev-parse --show-toplevel [2ms]
2024-06-19 10:39:49.562 [info] fatal: not a git repository (or any of the parent directories): .git
2024-06-19 10:40:37.739 [info] > git rev-parse --show-toplevel [1ms]
2024-06-19 10:40:37.739 [info] fatal: not a git repository (or any of the parent directories): .git
2024-06-19 10:40:43.468 [info] > git rev-parse --show-toplevel [1ms]
2024-06-19 10:40:43.468 [info] fatal: not a git repository (or any of the parent directories): .git
2024-06-19 10:42:06.856 [info] > git rev-parse --show-toplevel [1ms]
2024-06-19 10:42:06.856 [info] fatal: not a git repository (or any of the parent directories): .git
2024-06-19 10:42:08.276 [info] > git rev-parse --show-toplevel [1ms]
2024-06-19 10:42:08.277 [info] fatal: not a git repository (or any of the parent directories): .git
2024-06-19 10:45:55.286 [info] > git rev-parse --show-toplevel [1ms]
2024-06-19 10:45:55.286 [info] fatal: not a git repository (or any of the parent directories): .git
2024-06-19 10:46:47.166 [info] > git rev-parse --show-toplevel [2ms]
2024-06-19 10:46:47.166 [info] fatal: not a git repository (or any of the parent directories): .git
2024-06-19 10:53:08.235 [info] > git rev-parse --show-toplevel [1ms]
2024-06-19 10:53:08.238 [info] fatal: not a git repository (or any of the parent directories): .git
2024-06-19 10:53:11.793 [info] > git rev-parse --show-toplevel [0ms]
2024-06-19 10:53:11.793 [info] fatal: not a git repository (or any of the parent directories): .git
2024-06-19 10:56:20.972 [info] > git rev-parse --show-toplevel [1ms]
2024-06-19 10:56:20.972 [info] fatal: not a git repository (or any of the parent directories): .git
2024-06-19 10:56:24.514 [info] > git rev-parse --show-toplevel [1ms]
2024-06-19 10:56:24.514 [info] fatal: not a git repository (or any of the parent directories): .git
2024-06-19 11:12:23.134 [info] > git rev-parse --show-toplevel [1ms]
2024-06-19 11:12:23.135 [info] fatal: not a git repository (or any of the parent directories): .git
2024-06-19 11:19:03.204 [info] > git rev-parse --show-toplevel [1ms]
2024-06-19 11:19:03.204 [info] fatal: not a git repository (or any of the parent directories): .git
2024-06-19 11:19:10.041 [info] > git rev-parse --show-toplevel [1ms]
2024-06-19 11:19:10.041 [info] fatal: not a git repository (or any of the parent directories): .git
2024-06-19 11:19:11.567 [info] > git rev-parse --show-toplevel [1ms]
2024-06-19 11:19:11.567 [info] fatal: not a git repository (or any of the parent directories): .git
2024-06-19 11:19:18.002 [info] > git rev-parse --show-toplevel [1ms]
2024-06-19 11:19:18.002 [info] fatal: not a git repository (or any of the parent directories): .git
2024-06-19 11:19:20.570 [info] > git rev-parse --show-toplevel [2ms]
2024-06-19 11:19:20.570 [info] fatal: not a git repository (or any of the parent directories): .git
2024-06-19 11:19:55.974 [info] > git rev-parse --show-toplevel [2ms]
2024-06-19 11:19:55.974 [info] fatal: not a git repository (or any of the parent directories): .git
2024-06-19 11:20:08.259 [info] > git rev-parse --show-toplevel [1ms]
2024-06-19 11:20:08.259 [info] fatal: not a git repository (or any of the parent directories): .git
2024-06-19 11:20:45.288 [info] > git rev-parse --show-toplevel [1ms]
2024-06-19 11:20:45.288 [info] fatal: not a git repository (or any of the parent directories): .git
2024-06-19 11:21:33.726 [info] > git rev-parse --show-toplevel [2ms]
2024-06-19 11:21:33.726 [info] fatal: not a git repository (or any of the parent directories): .git
2024-06-19 11:21:35.053 [info] > git rev-parse --show-toplevel [1ms]
2024-06-19 11:21:35.053 [info] fatal: not a git repository (or any of the parent directories): .git
2024-06-19 11:21:35.963 [info] > git rev-parse --show-toplevel [1ms]
2024-06-19 11:21:35.963 [info] fatal: not a git repository (or any of the parent directories): .git
2024-06-19 11:21:43.989 [info] > git rev-parse --show-toplevel [0ms]
2024-06-19 11:21:43.989 [info] fatal: not a git repository (or any of the parent directories): .git
2024-06-19 11:22:10.318 [info] > git rev-parse --show-toplevel [1ms]
2024-06-19 11:22:10.318 [info] fatal: not a git repository (or any of the parent directories): .git
2024-06-19 11:22:36.446 [info] > git rev-parse --show-toplevel [1ms]
2024-06-19 11:22:36.446 [info] fatal: not a git repository (or any of the parent directories): .git
2024-06-19 11:22:38.905 [info] > git rev-parse --show-toplevel [1ms]
2024-06-19 11:22:38.905 [info] fatal: not a git repository (or any of the parent directories): .git
2024-06-19 11:22:45.662 [info] > git rev-parse --show-toplevel [1ms]
2024-06-19 11:22:45.662 [info] fatal: not a git repository (or any of the parent directories): .git
2024-06-19 11:23:44.584 [info] > git rev-parse --show-toplevel [1ms]
2024-06-19 11:23:44.584 [info] fatal: not a git repository (or any of the parent directories): .git
2024-06-19 11:23:51.274 [info] > git rev-parse --show-toplevel [1ms]
2024-06-19 11:23:51.274 [info] fatal: not a git repository (or any of the parent directories): .git
2024-06-19 11:24:03.157 [info] > git rev-parse --show-toplevel [1ms]
2024-06-19 11:24:03.157 [info] fatal: not a git repository (or any of the parent directories): .git
2024-06-19 11:24:10.025 [info] > git rev-parse --show-toplevel [1ms]
2024-06-19 11:24:10.025 [info] fatal: not a git repository (or any of the parent directories): .git
2024-06-19 11:26:15.273 [info] > git rev-parse --show-toplevel [2ms]
2024-06-19 11:26:15.273 [info] fatal: not a git repository (or any of the parent directories): .git
2024-06-19 11:26:23.988 [info] > git rev-parse --show-toplevel [1ms]
2024-06-19 11:26:23.988 [info] fatal: not a git repository (or any of the parent directories): .git
2024-06-19 11:27:20.528 [info] > git rev-parse --show-toplevel [1ms]
2024-06-19 11:27:20.528 [info] fatal: not a git repository (or any of the parent directories): .git
2024-06-19 11:27:26.026 [info] > git rev-parse --show-toplevel [1ms]
2024-06-19 11:27:26.026 [info] fatal: not a git repository (or any of the parent directories): .git
2024-06-19 11:34:41.443 [info] > git rev-parse --show-toplevel [1ms]
2024-06-19 11:34:41.443 [info] fatal: not a git repository (or any of the parent directories): .git
2024-06-19 11:36:40.377 [info] > git rev-parse --show-toplevel [1ms]
2024-06-19 11:36:40.377 [info] fatal: not a git repository (or any of the parent directories): .git
2024-06-19 11:36:44.650 [info] > git rev-parse --show-toplevel [1ms]
2024-06-19 11:36:44.650 [info] fatal: not a git repository (or any of the parent directories): .git
2024-06-19 11:43:53.834 [info] > git rev-parse --show-toplevel [1ms]
2024-06-19 11:43:53.834 [info] fatal: not a git repository (or any of the parent directories): .git
2024-06-19 11:44:09.977 [info] > git rev-parse --show-toplevel [1ms]
2024-06-19 11:44:09.977 [info] fatal: not a git repository (or any of the parent directories): .git
2024-06-19 13:29:45.450 [info] > git rev-parse --show-toplevel [13ms]
2024-06-19 13:29:45.451 [info] fatal: not a git repository (or any of the parent directories): .git
2024-06-19 13:30:05.489 [info] > git rev-parse --show-toplevel [1ms]
2024-06-19 13:30:05.489 [info] fatal: not a git repository (or any of the parent directories): .git
2024-06-19 13:30:16.677 [info] > git rev-parse --show-toplevel [2ms]
2024-06-19 13:30:16.677 [info] fatal: not a git repository (or any of the parent directories): .git
2024-06-19 13:31:25.666 [info] > git rev-parse --show-toplevel [2ms]
2024-06-19 13:31:25.666 [info] fatal: not a git repository (or any of the parent directories): .git
2024-06-19 13:31:29.932 [info] > git rev-parse --show-toplevel [1ms]
2024-06-19 13:31:29.932 [info] fatal: not a git repository (or any of the parent directories): .git
2024-06-19 13:31:34.623 [info] > git rev-parse --show-toplevel [1ms]
2024-06-19 13:31:34.623 [info] fatal: not a git repository (or any of the parent directories): .git
2024-06-19 13:32:06.527 [info] > git rev-parse --show-toplevel [3ms]
2024-06-19 13:32:06.527 [info] fatal: not a git repository (or any of the parent directories): .git
2024-06-19 13:32:11.165 [info] > git rev-parse --show-toplevel [1ms]
2024-06-19 13:32:11.165 [info] fatal: not a git repository (or any of the parent directories): .git
2024-06-19 13:33:00.850 [info] > git rev-parse --show-toplevel [1ms]
2024-06-19 13:33:00.850 [info] fatal: not a git repository (or any of the parent directories): .git
2024-06-19 13:33:07.394 [info] > git rev-parse --show-toplevel [1ms]
2024-06-19 13:33:07.394 [info] fatal: not a git repository (or any of the parent directories): .git
2024-06-19 13:33:18.341 [info] > git rev-parse --show-toplevel [2ms]
2024-06-19 13:33:18.341 [info] fatal: not a git repository (or any of the parent directories): .git
2024-06-19 13:33:24.780 [info] > git rev-parse --show-toplevel [1ms]
2024-06-19 13:33:24.780 [info] fatal: not a git repository (or any of the parent directories): .git
2024-06-19 13:33:31.521 [info] > git rev-parse --show-toplevel [1ms]
2024-06-19 13:33:31.521 [info] fatal: not a git repository (or any of the parent directories): .git
2024-06-19 13:33:35.457 [info] > git rev-parse --show-toplevel [1ms]
2024-06-19 13:33:35.457 [info] fatal: not a git repository (or any of the parent directories): .git
2024-06-19 13:33:43.166 [info] > git rev-parse --show-toplevel [1ms]
2024-06-19 13:33:43.166 [info] fatal: not a git repository (or any of the parent directories): .git
2024-06-19 13:33:50.440 [info] > git rev-parse --show-toplevel [1ms]
2024-06-19 13:33:50.440 [info] fatal: not a git repository (or any of the parent directories): .git
2024-06-19 13:36:17.433 [info] > git rev-parse --show-toplevel [1ms]
2024-06-19 13:36:17.433 [info] fatal: not a git repository (or any of the parent directories): .git
2024-06-19 13:36:21.224 [info] > git rev-parse --show-toplevel [2ms]
2024-06-19 13:36:21.224 [info] fatal: not a git repository (or any of the parent directories): .git
2024-06-19 13:36:26.704 [info] > git rev-parse --show-toplevel [1ms]
2024-06-19 13:36:26.704 [info] fatal: not a git repository (or any of the parent directories): .git
2024-06-19 13:42:34.804 [info] > git rev-parse --show-toplevel [2ms]
2024-06-19 13:42:34.804 [info] fatal: not a git repository (or any of the parent directories): .git
2024-06-19 13:43:07.226 [info] > git rev-parse --show-toplevel [2ms]
2024-06-19 13:43:07.226 [info] fatal: not a git repository (or any of the parent directories): .git
2024-06-19 13:43:22.847 [info] > git rev-parse --show-toplevel [1ms]
2024-06-19 13:43:22.847 [info] fatal: not a git repository (or any of the parent directories): .git
2024-06-19 13:44:35.903 [info] > git rev-parse --show-toplevel [1ms]
2024-06-19 13:44:35.903 [info] fatal: not a git repository (or any of the parent directories): .git
2024-06-19 13:45:26.475 [info] > git rev-parse --show-toplevel [1ms]
2024-06-19 13:45:26.475 [info] fatal: not a git repository (or any of the parent directories): .git
2024-06-19 13:45:46.168 [info] > git rev-parse --show-toplevel [1ms]
2024-06-19 13:45:46.168 [info] fatal: not a git repository (or any of the parent directories): .git
2024-06-19 13:52:06.328 [info] > git rev-parse --show-toplevel [1ms]
2024-06-19 13:52:06.328 [info] fatal: not a git repository (or any of the parent directories): .git
2024-06-19 13:52:13.752 [info] > git rev-parse --show-toplevel [2ms]
2024-06-19 13:52:13.752 [info] fatal: not a git repository (or any of the parent directories): .git
2024-06-19 13:52:15.573 [info] > git rev-parse --show-toplevel [1ms]
2024-06-19 13:52:15.573 [info] fatal: not a git repository (or any of the parent directories): .git
2024-06-19 13:55:24.807 [info] > git rev-parse --show-toplevel [2ms]
2024-06-19 13:55:24.807 [info] fatal: not a git repository (or any of the parent directories): .git
