2024-06-22 17:43:31.634 [info] Log level: Info
2024-06-22 17:43:31.634 [info] Validating found git in: "git"
2024-06-22 17:43:31.634 [info] Using git "2.25.1" from "git"
2024-06-22 17:43:31.643 [info] > git rev-parse --show-toplevel [13ms]
2024-06-22 17:43:31.644 [info] fatal: not a git repository (or any of the parent directories): .git
2024-06-22 17:43:31.718 [info] > git rev-parse --show-toplevel [10ms]
2024-06-22 17:43:31.718 [info] fatal: not a git repository (or any of the parent directories): .git
2024-06-22 17:43:31.724 [info] > git rev-parse --show-toplevel [2ms]
2024-06-22 17:43:31.724 [info] fatal: not a git repository (or any of the parent directories): .git
2024-06-22 17:43:31.729 [info] > git rev-parse --show-toplevel [2ms]
2024-06-22 17:43:31.730 [info] fatal: not a git repository (or any of the parent directories): .git
2024-06-22 17:43:31.736 [info] > git rev-parse --show-toplevel [4ms]
2024-06-22 17:43:31.737 [info] fatal: not a git repository (or any of the parent directories): .git
2024-06-22 17:43:31.740 [info] > git rev-parse --show-toplevel [1ms]
2024-06-22 17:43:31.740 [info] fatal: not a git repository (or any of the parent directories): .git
2024-06-22 17:43:31.743 [info] > git rev-parse --show-toplevel [1ms]
2024-06-22 17:43:31.744 [info] fatal: not a git repository (or any of the parent directories): .git
2024-06-22 17:43:31.746 [info] > git rev-parse --show-toplevel [1ms]
2024-06-22 17:43:31.746 [info] fatal: not a git repository (or any of the parent directories): .git
2024-06-22 17:43:31.749 [info] > git rev-parse --show-toplevel [1ms]
2024-06-22 17:43:31.749 [info] fatal: not a git repository (or any of the parent directories): .git
2024-06-22 17:43:31.753 [info] > git rev-parse --show-toplevel [1ms]
2024-06-22 17:43:31.753 [info] fatal: not a git repository (or any of the parent directories): .git
2024-06-22 17:43:31.757 [info] > git rev-parse --show-toplevel [1ms]
2024-06-22 17:43:31.757 [info] fatal: not a git repository (or any of the parent directories): .git
2024-06-22 17:43:31.760 [info] > git rev-parse --show-toplevel [1ms]
2024-06-22 17:43:31.760 [info] fatal: not a git repository (or any of the parent directories): .git
2024-06-22 17:43:31.763 [info] > git rev-parse --show-toplevel [1ms]
2024-06-22 17:43:31.763 [info] fatal: not a git repository (or any of the parent directories): .git
2024-06-22 17:43:31.766 [info] > git rev-parse --show-toplevel [1ms]
2024-06-22 17:43:31.766 [info] fatal: not a git repository (or any of the parent directories): .git
2024-06-22 17:43:31.770 [info] > git rev-parse --show-toplevel [0ms]
2024-06-22 17:43:31.770 [info] fatal: not a git repository (or any of the parent directories): .git
2024-06-22 17:43:31.773 [info] > git rev-parse --show-toplevel [1ms]
2024-06-22 17:43:31.773 [info] fatal: not a git repository (or any of the parent directories): .git
2024-06-22 17:43:31.777 [info] > git rev-parse --show-toplevel [2ms]
2024-06-22 17:43:31.777 [info] fatal: not a git repository (or any of the parent directories): .git
2024-06-22 17:43:31.781 [info] > git rev-parse --show-toplevel [1ms]
2024-06-22 17:43:31.782 [info] fatal: not a git repository (or any of the parent directories): .git
2024-06-22 17:43:31.786 [info] > git rev-parse --show-toplevel [2ms]
2024-06-22 17:43:31.786 [info] fatal: not a git repository (or any of the parent directories): .git
2024-06-22 17:43:31.790 [info] > git rev-parse --show-toplevel [1ms]
2024-06-22 17:43:31.790 [info] fatal: not a git repository (or any of the parent directories): .git
2024-06-22 17:43:31.793 [info] > git rev-parse --show-toplevel [1ms]
2024-06-22 17:43:31.793 [info] fatal: not a git repository (or any of the parent directories): .git
2024-06-22 17:43:31.796 [info] > git rev-parse --show-toplevel [1ms]
2024-06-22 17:43:31.796 [info] fatal: not a git repository (or any of the parent directories): .git
2024-06-22 17:43:31.799 [info] > git rev-parse --show-toplevel [1ms]
2024-06-22 17:43:31.799 [info] fatal: not a git repository (or any of the parent directories): .git
2024-06-22 17:43:31.802 [info] > git rev-parse --show-toplevel [1ms]
2024-06-22 17:43:31.802 [info] fatal: not a git repository (or any of the parent directories): .git
2024-06-22 17:43:31.805 [info] > git rev-parse --show-toplevel [1ms]
2024-06-22 17:43:31.805 [info] fatal: not a git repository (or any of the parent directories): .git
2024-06-22 17:43:31.808 [info] > git rev-parse --show-toplevel [0ms]
2024-06-22 17:43:31.808 [info] fatal: not a git repository (or any of the parent directories): .git
2024-06-22 17:43:31.811 [info] > git rev-parse --show-toplevel [1ms]
2024-06-22 17:43:31.811 [info] fatal: not a git repository (or any of the parent directories): .git
2024-06-22 17:43:31.814 [info] > git rev-parse --show-toplevel [1ms]
2024-06-22 17:43:31.814 [info] fatal: not a git repository (or any of the parent directories): .git
2024-06-22 17:43:31.817 [info] > git rev-parse --show-toplevel [1ms]
2024-06-22 17:43:31.817 [info] fatal: not a git repository (or any of the parent directories): .git
2024-06-22 17:43:31.820 [info] > git rev-parse --show-toplevel [1ms]
2024-06-22 17:43:31.820 [info] fatal: not a git repository (or any of the parent directories): .git
2024-06-22 17:43:31.824 [info] > git rev-parse --show-toplevel [1ms]
2024-06-22 17:43:31.824 [info] fatal: not a git repository (or any of the parent directories): .git
2024-06-22 17:43:31.827 [info] > git rev-parse --show-toplevel [1ms]
2024-06-22 17:43:31.827 [info] fatal: not a git repository (or any of the parent directories): .git
2024-06-22 17:43:31.845 [info] > git rev-parse --show-toplevel [1ms]
2024-06-22 17:43:31.845 [info] fatal: not a git repository (or any of the parent directories): .git
2024-06-22 17:43:31.849 [info] > git rev-parse --show-toplevel [2ms]
2024-06-22 17:43:31.849 [info] fatal: not a git repository (or any of the parent directories): .git
2024-06-22 17:43:31.852 [info] > git rev-parse --show-toplevel [1ms]
2024-06-22 17:43:31.853 [info] fatal: not a git repository (or any of the parent directories): .git
2024-06-22 17:43:31.859 [info] > git rev-parse --show-toplevel [1ms]
2024-06-22 17:43:31.859 [info] fatal: not a git repository (or any of the parent directories): .git
2024-06-22 17:43:32.128 [info] > git rev-parse --show-toplevel [2ms]
2024-06-22 17:43:32.128 [info] fatal: not a git repository (or any of the parent directories): .git
2024-06-22 20:54:26.906 [info] > git rev-parse --show-toplevel [50ms]
2024-06-22 20:54:26.918 [info] fatal: not a git repository (or any of the parent directories): .git
2024-06-23 18:57:04.632 [info] > git rev-parse --show-toplevel [24ms]
2024-06-23 18:57:04.637 [info] fatal: not a git repository (or any of the parent directories): .git
2024-06-23 18:57:07.003 [info] > git rev-parse --show-toplevel [2ms]
2024-06-23 18:57:07.003 [info] fatal: not a git repository (or any of the parent directories): .git
2024-06-23 18:57:08.628 [info] > git rev-parse --show-toplevel [2ms]
2024-06-23 18:57:08.628 [info] fatal: not a git repository (or any of the parent directories): .git
2024-06-23 18:57:09.903 [info] > git rev-parse --show-toplevel [1ms]
2024-06-23 18:57:09.903 [info] fatal: not a git repository (or any of the parent directories): .git
2024-06-23 18:57:12.298 [info] > git rev-parse --show-toplevel [2ms]
2024-06-23 18:57:12.298 [info] fatal: not a git repository (or any of the parent directories): .git
2024-06-23 19:00:04.631 [info] > git rev-parse --show-toplevel [2ms]
2024-06-23 19:00:04.631 [info] fatal: not a git repository (or any of the parent directories): .git
2024-06-23 19:00:08.360 [info] > git rev-parse --show-toplevel [2ms]
2024-06-23 19:00:08.360 [info] fatal: not a git repository (or any of the parent directories): .git
2024-06-23 19:00:08.927 [info] > git rev-parse --show-toplevel [4ms]
2024-06-23 19:00:08.927 [info] fatal: not a git repository (or any of the parent directories): .git
2024-06-23 19:00:10.444 [info] > git rev-parse --show-toplevel [1ms]
2024-06-23 19:00:10.444 [info] fatal: not a git repository (or any of the parent directories): .git
2024-06-23 19:00:11.761 [info] > git rev-parse --show-toplevel [1ms]
2024-06-23 19:00:11.761 [info] fatal: not a git repository (or any of the parent directories): .git
2024-06-23 19:02:36.053 [info] > git rev-parse --show-toplevel [2ms]
2024-06-23 19:02:36.053 [info] fatal: not a git repository (or any of the parent directories): .git
2024-06-23 19:06:13.299 [info] > git rev-parse --show-toplevel [2ms]
2024-06-23 19:06:13.300 [info] fatal: not a git repository (or any of the parent directories): .git
2024-06-23 19:06:17.354 [info] > git rev-parse --show-toplevel [5ms]
2024-06-23 19:06:17.354 [info] fatal: not a git repository (or any of the parent directories): .git
2024-06-23 19:11:49.989 [info] > git rev-parse --show-toplevel [1ms]
2024-06-23 19:11:49.989 [info] fatal: not a git repository (or any of the parent directories): .git
2024-06-23 19:11:51.496 [info] > git rev-parse --show-toplevel [4ms]
2024-06-23 19:11:51.496 [info] fatal: not a git repository (or any of the parent directories): .git
2024-06-23 19:11:52.772 [info] > git rev-parse --show-toplevel [2ms]
2024-06-23 19:11:52.772 [info] fatal: not a git repository (or any of the parent directories): .git
2024-06-23 19:13:35.040 [info] > git rev-parse --show-toplevel [3ms]
2024-06-23 19:13:35.040 [info] fatal: not a git repository (or any of the parent directories): .git
2024-06-23 19:13:37.484 [info] > git rev-parse --show-toplevel [2ms]
2024-06-23 19:13:37.484 [info] fatal: not a git repository (or any of the parent directories): .git
2024-06-23 19:13:47.152 [info] > git rev-parse --show-toplevel [2ms]
2024-06-23 19:13:47.152 [info] fatal: not a git repository (or any of the parent directories): .git
2024-06-23 19:13:54.750 [info] > git rev-parse --show-toplevel [3ms]
2024-06-23 19:13:54.750 [info] fatal: not a git repository (or any of the parent directories): .git
2024-06-23 19:14:01.335 [info] > git rev-parse --show-toplevel [2ms]
2024-06-23 19:14:01.335 [info] fatal: not a git repository (or any of the parent directories): .git
2024-06-23 19:14:06.199 [info] > git rev-parse --show-toplevel [2ms]
2024-06-23 19:14:06.199 [info] fatal: not a git repository (or any of the parent directories): .git
2024-06-23 19:16:55.086 [info] > git rev-parse --show-toplevel [3ms]
2024-06-23 19:16:55.086 [info] fatal: not a git repository (or any of the parent directories): .git
2024-06-23 19:18:35.876 [info] > git rev-parse --show-toplevel [2ms]
2024-06-23 19:18:35.876 [info] fatal: not a git repository (or any of the parent directories): .git
2024-06-23 21:09:51.448 [info] > git rev-parse --show-toplevel [0ms]
2024-06-23 21:09:51.448 [info] fatal: not a git repository (or any of the parent directories): .git
2024-06-23 21:29:04.886 [info] > git rev-parse --show-toplevel [1ms]
2024-06-23 21:29:04.886 [info] fatal: not a git repository (or any of the parent directories): .git
2024-06-23 21:30:14.438 [info] > git rev-parse --show-toplevel [2ms]
2024-06-23 21:30:14.438 [info] fatal: not a git repository (or any of the parent directories): .git
2024-06-23 21:30:32.414 [info] > git rev-parse --show-toplevel [1ms]
2024-06-23 21:30:32.414 [info] fatal: not a git repository (or any of the parent directories): .git
2024-06-23 21:30:37.045 [info] > git rev-parse --show-toplevel [2ms]
2024-06-23 21:30:37.045 [info] fatal: not a git repository (or any of the parent directories): .git
2024-06-23 21:30:42.707 [info] > git rev-parse --show-toplevel [1ms]
2024-06-23 21:30:42.707 [info] fatal: not a git repository (or any of the parent directories): .git
2024-06-23 21:30:43.961 [info] > git rev-parse --show-toplevel [2ms]
2024-06-23 21:30:43.962 [info] fatal: not a git repository (or any of the parent directories): .git
2024-06-23 21:30:46.360 [info] > git rev-parse --show-toplevel [1ms]
2024-06-23 21:30:46.360 [info] fatal: not a git repository (or any of the parent directories): .git
2024-06-23 21:30:58.437 [info] > git rev-parse --show-toplevel [2ms]
2024-06-23 21:30:58.437 [info] fatal: not a git repository (or any of the parent directories): .git
